<?xml version="1.0" encoding="UTF-8"?>
<!-- Generated by org.testng.reporters.JUnitReportReporter -->
<testsuite skipped="0" hostname="LAPTOP-N0G0NBDP" name="com.qa.testScripts.Script2Today" tests="1" failures="0" timestamp="04 May 2021 00:36:48 GMT" time="22.219" errors="0">
  <testcase name="Test1" time="22.219" classname="com.qa.testScripts.Script2Today"/>
</testsuite> <!-- com.qa.testScripts.Script2Today -->
