<?xml version="1.0" encoding="UTF-8"?>
<!-- Generated by org.testng.reporters.JUnitReportReporter -->
<testsuite skipped="0" hostname="LAPTOP-N0G0NBDP" name="com.qa.testScripts.MouseOverDemo" tests="1" failures="0" timestamp="04 May 2021 00:36:48 GMT" time="9.704" errors="0">
  <testcase name="dragandDropmethod" time="9.704" classname="com.qa.testScripts.MouseOverDemo"/>
</testsuite> <!-- com.qa.testScripts.MouseOverDemo -->
